\BOOKMARK [0][-]{chapter*.2}{\376\377\000S\000e\000z\000n\000a\000m\000\040\000p\000o\000u\001\176\000i\000t\000\375\000c\000h\000\040\000s\000y\000m\000b\000o\000l\001\157\000\040\000a\000\040\000z\000k\000r\000a\000t\000e\000k}{}% 1
\BOOKMARK [0][-]{chapter*.3}{\376\377\000S\000e\000z\000n\000a\000m\000\040\000o\000b\000r\000\341\000z\000k\001\157}{}% 2
\BOOKMARK [0][-]{chapter*.4}{\376\377\000S\000e\000z\000n\000a\000m\000\040\000t\000a\000b\000u\000l\000e\000k}{}% 3
\BOOKMARK [0][-]{chapter.1}{\376\377\000\332\000v\000o\000d}{}% 4
\BOOKMARK [0][-]{chapter.2}{\376\377\000J\000a\000z\000y\000k\000\040\000M\000o\000n\000k\000e\000y\000\040\000C}{}% 5
\BOOKMARK [0][-]{chapter.3}{\376\377\000P\000r\000o\000b\000l\000e\000m\000a\000t\000i\000k\000a\000\040\000v\000\375\000v\000o\000j\000e\000\040\000r\000o\000z\001\141\000\355\001\131\000e\000n\000\355\000\040\000p\000r\000o\000\040\000V\000S\000\040\000C\000o\000d\000e}{}% 6
\BOOKMARK [1][-]{section.3.1}{\376\377\000V\000i\000s\000u\000a\000l\000\040\000S\000t\000u\000d\000i\000o\000\040\000C\000o\000d\000e}{chapter.3}% 7
\BOOKMARK [1][-]{section.3.2}{\376\377\000T\000y\000p\000e\000s\000c\000r\000i\000p\000t}{chapter.3}% 8
\BOOKMARK [1][-]{section.3.3}{\376\377\000K\000o\000m\000p\000o\000n\000e\000n\000t\000y\000\040\000p\000o\000t\001\131\000e\000b\000n\000\351\000\040\000p\000r\000o\000\040\000t\000v\000o\000r\000b\000u\000\040\000r\000o\000z\001\141\000\355\001\131\000e\000n\000\355}{chapter.3}% 9
\BOOKMARK [1][-]{section.3.4}{\376\377\000A\000N\000T\000L\000R\000\040\000-\000\040\000N\000\341\000s\000t\000r\000o\000j\000\040\000p\000r\000o\000\040\000g\000e\000n\000e\000r\000o\000v\000\341\000n\000\355\000\040\000p\001\131\000e\000k\000l\000a\000d\000a\001\015\000e}{chapter.3}% 10
\BOOKMARK [0][-]{chapter.4}{\376\377\000S\000y\000n\000t\000a\000k\000t\000i\000c\000k\000\341\000\040\000a\000\040\000s\000\351\000m\000a\000n\000t\000i\000c\000k\000\341\000\040\000a\000n\000a\000l\000\375\000z\000a\000\040\000k\000\363\000d\000u}{}% 11
\BOOKMARK [1][-]{section.4.1}{\376\377\000P\000a\000r\000s\000e\000r\000\040\000a\000\040\000L\000e\000x\000e\000r}{chapter.4}% 12
\BOOKMARK [1][-]{section.4.2}{\376\377\000S\000y\000n\000t\000a\000k\000t\000i\000c\000k\000\375\000\040\000s\000t\000r\000o\000m}{chapter.4}% 13
\BOOKMARK [1][-]{section.4.3}{\376\377\000A\000N\000T\000L\000R\000\040\000L\000i\000s\000t\000e\000n\000e\000r\000\040\000a\000\040\000c\000a\000l\000l\000b\000a\000c\000k\000\040\000f\000u\000n\000k\000c\000e}{chapter.4}% 14
\BOOKMARK [1][-]{section.4.4}{\376\377\000S\000\351\000m\000a\000n\000t\000i\000c\000k\000\341\000\040\000a\000n\000a\000l\000\375\000z\000a}{chapter.4}% 15
\BOOKMARK [0][-]{chapter.5}{\376\377\000N\000\341\000v\000r\000h\000\040\000a\000\040\000i\000m\000p\000l\000e\000m\000e\000n\000t\000a\000c\000e\000\040\000r\000o\000z\001\141\000\355\001\131\000e\000n\000\355}{}% 16
\BOOKMARK [1][-]{section.5.1}{\376\377\000T\001\131\000\355\000d\000a\000\040\000e\000x\000t\000e\000n\000s\000i\000o\000n\000.\000t\000s}{chapter.5}% 17
\BOOKMARK [1][-]{section.5.2}{\376\377\000T\001\131\000\355\000d\000a\000\040\000d\000o\000c\000u\000m\000e\000n\000t\000H\000a\000n\000d\000l\000e\000r\000.\000t\000s}{chapter.5}% 18
\BOOKMARK [1][-]{section.5.3}{\376\377\000T\001\131\000\355\000d\000a\000\040\000L\000i\000s\000t\000e\000n\000e\000r\000.\000t\000s}{chapter.5}% 19
\BOOKMARK [1][-]{section.5.4}{\376\377\000E\000r\000r\000o\000r\000\040\000L\000i\000s\000t\000e\000n\000e\000r}{chapter.5}% 20
\BOOKMARK [1][-]{section.5.5}{\376\377\000M\000o\000d\000u\000l\000\040\000T\000o\000y\000b\000o\000x}{chapter.5}% 21
\BOOKMARK [1][-]{section.5.6}{\376\377\000O\000b\000a\000r\000v\000e\000n\000\355\000\040\000k\000\363\000d\000u}{chapter.5}% 22
\BOOKMARK [1][-]{section.5.7}{\376\377\000A\000u\000t\000o\000m\000a\000t\000i\000c\000k\000\351\000\040\000d\000o\000p\000l\001\110\000o\000v\000\341\000n\000\355\000\040\000a\000\040\000n\000a\001\141\000e\000p\000t\000\341\000v\000\341\000n\000\355\000\040\000k\000\363\000d\000u}{chapter.5}% 23
\BOOKMARK [1][-]{section.5.8}{\376\377\000P\000o\000p\000i\000s\000\040\000f\000u\000n\000k\000c\000\355\000\040\000a\000\040\000p\000r\000o\000m\001\033\000n\000n\000\375\000c\000h\000\040\000T\000o\000y\000b\000o\000x\000u}{chapter.5}% 24
\BOOKMARK [1][-]{section.5.9}{\376\377\000N\000e\000d\000o\000s\000t\000a\000t\000k\000y\000\040\000r\000o\000z\001\141\000\355\001\131\000e\000n\000\355}{chapter.5}% 25
\BOOKMARK [0][-]{chapter.6}{\376\377\000T\000e\000s\000t\000o\000v\000\341\000n\000\355\000\040\000v\000\375\000s\000l\000e\000d\000n\000\351\000h\000o\000\040\001\131\000e\001\141\000e\000n\000\355}{}% 26
\BOOKMARK [0][-]{chapter.7}{\376\377\000Z\000\341\000v\001\033\000r}{}% 27
\BOOKMARK [0][-]{chapter*.26}{\376\377\000L\000i\000t\000e\000r\000a\000t\000u\000r\000a}{}% 28
\BOOKMARK [0][-]{chapter*.26}{\376\377\000P\001\131\000\355\000l\000o\000h\000y}{}% 29
\BOOKMARK [0][-]{appendix.A}{\376\377\000T\000e\000s\000t\000o\000v\000a\000c\000\355\000\040\000z\000d\000r\000o\000j\000o\000v\000\351\000\040\000k\000\363\000d\000y}{}% 30
