\BOOKMARK [1][-]{Doc-Start}{\376\377\000S\000e\000z\000n\000a\000m\000\040\000p\000o\000u\001\176\000i\000t\000\375\000c\000h\000\040\000z\000k\000r\000a\000t\000e\000k\000\040\000a\000\040\000s\000y\000m\000b\000o\000l\001\157}{}% 1
\BOOKMARK [1][-]{section.1}{\376\377\000\332\000v\000o\000d}{}% 2
\BOOKMARK [1][-]{section.2}{\376\377\000P\000r\000o\000b\000l\000e\000m\000a\000t\000i\000k\000a\000\040\000v\000\375\000v\000o\000j\000e\000\040\000r\000o\000z\001\141\000\355\001\131\000e\000n\000\355\000\040\000p\000r\000o\000\040\000V\000S\000\040\000C\000o\000d\000e}{}% 3
\BOOKMARK [2][-]{subsection.2.1}{\376\377\000V\000i\000s\000u\000a\000l\000\040\000S\000t\000u\000d\000i\000o\000\040\000C\000o\000d\000e}{section.2}% 4
\BOOKMARK [2][-]{subsection.2.2}{\376\377\000e\000x\000t\000e\000n\000s\000i\000o\000n\000s}{section.2}% 5
\BOOKMARK [2][-]{subsection.2.3}{\376\377\000T\000y\000p\000e\000s\000c\000r\000i\000p\000t}{section.2}% 6
\BOOKMARK [1][-]{section.3}{\376\377\000S\000y\000n\000t\000a\000k\000t\000i\000c\000k\000\341\000\040\000a\000\040\000s\000\351\000m\000a\000n\000t\000i\000c\000k\000\341\000\040\000a\000n\000a\000l\000\375\000z\000a\000\040\000k\000\363\000d\000u}{}% 7
\BOOKMARK [2][-]{subsection.3.1}{\376\377\000A\000N\000T\000L\000R\000\040\000-\000\040\000N\000\341\000s\000t\000r\000o\000j\000\040\000p\000r\000o\000\040\000g\000e\000n\000e\000r\000o\000v\000\341\000n\000\355\000\040\000p\001\131\000e\000k\000l\000a\000d\000a\001\015\000e}{section.3}% 8
\BOOKMARK [2][-]{subsection.3.2}{\376\377\000L\000L\000\040\000s\000y\000n\000t\000a\000k\000t\000i\000c\000k\000\375\000\040\000a\000n\000a\000l\000y\000z\000\341\000t\000o\000r}{section.3}% 9
\BOOKMARK [2][-]{subsection.3.3}{\376\377\000S\000y\000n\000t\000a\000k\000t\000i\000c\000k\000\375\000\040\000s\000t\000r\000o\000m}{section.3}% 10
\BOOKMARK [2][-]{subsection.3.4}{\376\377\000S\000\351\000m\000a\000n\000t\000i\000c\000k\000\375\000\040\000s\000t\000r\000o\000m}{section.3}% 11
\BOOKMARK [2][-]{subsection.3.5}{\376\377\000p\000a\000r\000s\000e\000r}{section.3}% 12
\BOOKMARK [1][-]{section.4}{\376\377\000P\001\131\000e\000d\000s\000t\000a\000v\000e\000n\000\355\000\040\000j\000a\000z\000y\000k\000a\000\040\000M\000o\000n\000k\000e\000y\000\040\000C}{}% 13
\BOOKMARK [1][-]{section.5}{\376\377\000N\000\341\000v\000r\000h\000\040\000a\000\040\000i\000m\000p\000l\000e\000m\000e\000n\000t\000a\000c\000e\000\040\000r\000o\000z\001\141\000\355\001\131\000e\000n\000\355\000\040\000p\000r\000o\000\040\000V\000S\000\040\000C\000o\000d\000e}{}% 14
\BOOKMARK [2][-]{subsection.5.1}{\376\377\000z\000v\000\375\000r\000a\000z\000n\001\033\000n\000\355\000\040\000k\000\363\000d\000u}{section.5}% 15
\BOOKMARK [2][-]{subsection.5.2}{\376\377\000A\000u\000t\000o\000m\000a\000t\000i\000c\000k\000\351\000\040\000d\000o\000p\000l\001\110\000o\000v\000\341\000n\000\355\000\040\000a\000\040\000n\000a\001\141\000e\000p\000t\000\341\000v\000\341\000n\000\355\000\040\000k\000\363\000d\000u}{section.5}% 16
\BOOKMARK [1][-]{section.6}{\376\377\000T\000e\000s\000t\000o\000v\000\341\000n\000\355\000\040\000v\000\375\000s\000l\000e\000d\000n\000\351\000h\000o\000\040\001\131\000e\001\141\000e\000n\000\355}{}% 17
\BOOKMARK [2][-]{subsection.6.1}{\376\377\000f\000u\000n\000k\000c\000e}{section.6}% 18
\BOOKMARK [2][-]{subsection.6.2}{\376\377\000p\000r\000o\000m\001\033\000n\000n\000\351}{section.6}% 19
\BOOKMARK [2][-]{subsection.6.3}{\376\377\000t\001\131\000\355\000d\000y}{section.6}% 20
\BOOKMARK [2][-]{subsection.6.4}{\376\377\000d\000e\000t\000e\000k\000c\000e\000\040\000s\000y\000n\000t\000a\000k\000t\000i\000c\000k\000\375\000c\000h\000\040\000c\000h\000y\000b}{section.6}% 21
\BOOKMARK [2][-]{subsection.6.5}{\376\377\000d\000e\000t\000e\000k\000c\000e\000\040\000s\000\351\000m\000a\000n\000t\000i\000c\000k\000\375\000c\000h\000\040\000c\000h\000y\000b}{section.6}% 22
\BOOKMARK [2][-]{subsection.6.6}{\376\377\000d\000a\000t\000o\000v\000\351\000\040\000t\000y\000p\000y}{section.6}% 23
\BOOKMARK [2][-]{subsection.6.7}{\376\377\000d\000o\000p\000l\001\110\000o\000v\000\341\000n\000\355\000\040\000k\000\363\000d\000u}{section.6}% 24
\BOOKMARK [2][-]{subsection.6.8}{\376\377\000n\000a\001\141\000e\000p\000t\000\341\000v\000\341\000n\000\355\000\040\000k\000\363\000d\000u}{section.6}% 25
\BOOKMARK [1][-]{section.7}{\376\377\000Z\000\341\000v\001\033\000r}{}% 26
\BOOKMARK [1][-]{section.8}{\376\377\000L\000i\000t\000e\000r\000a\000t\000u\000r\000a}{}% 27
